<?xml version="1.0" encoding="UTF-8"?>
<robot generator="Robot 6.1.1 (Python 3.12.0 on win32)" generated="20231201 09:09:46.884" rpa="false" schemaversion="4">
<suite id="s1" name="FirstTestSuite" source="d:\Trabalho\RobotTesting\FirstTestSuite.robot">
<test id="s1-t1" name="TestCase1" line="5">
<kw name="Open Browser" library="SeleniumLibrary">
<arg>url=https://the-internet.herokuapp.com/login</arg>
<arg>browser=chrome</arg>
<doc>Opens a new browser instance to the optional ``url``.</doc>
<msg timestamp="20231201 09:09:47.121" level="INFO">Opening browser 'chrome' to base url 'https://the-internet.herokuapp.com/login'.</msg>
<status status="PASS" starttime="20231201 09:09:47.120" endtime="20231201 09:09:50.925"/>
</kw>
<kw name="Input Text" library="SeleniumLibrary">
<arg>username</arg>
<arg>tomsmith</arg>
<doc>Types the given ``text`` into the text field identified by ``locator``.</doc>
<msg timestamp="20231201 09:09:50.926" level="INFO">Typing text 'tomsmith' into text field 'username'.</msg>
<status status="PASS" starttime="20231201 09:09:50.925" endtime="20231201 09:09:51.024"/>
</kw>
<kw name="Input Text" library="SeleniumLibrary">
<arg>password</arg>
<arg>SuperSecretPassword!</arg>
<doc>Types the given ``text`` into the text field identified by ``locator``.</doc>
<msg timestamp="20231201 09:09:51.025" level="INFO">Typing text 'SuperSecretPassword!' into text field 'password'.</msg>
<status status="PASS" starttime="20231201 09:09:51.025" endtime="20231201 09:09:51.103"/>
</kw>
<kw name="Click Button" library="SeleniumLibrary">
<arg>class:radius</arg>
<doc>Clicks the button identified by ``locator``.</doc>
<msg timestamp="20231201 09:09:51.104" level="INFO">Clicking button 'class:radius'.</msg>
<status status="PASS" starttime="20231201 09:09:51.104" endtime="20231201 09:09:51.551"/>
</kw>
<kw name="Element Should Contain" library="SeleniumLibrary">
<arg>id=flash</arg>
<arg>You logged into a secure area!</arg>
<doc>Verifies that element ``locator`` contains text ``expected``.</doc>
<msg timestamp="20231201 09:09:51.588" level="INFO">Element 'id=flash' contains text 'You logged into a secure area!'.</msg>
<status status="PASS" starttime="20231201 09:09:51.552" endtime="20231201 09:09:51.588"/>
</kw>
<kw name="Click Link" library="SeleniumLibrary">
<arg>Logout</arg>
<doc>Clicks a link identified by ``locator``.</doc>
<msg timestamp="20231201 09:09:51.590" level="INFO">Clicking link 'Logout'.</msg>
<status status="PASS" starttime="20231201 09:09:51.590" endtime="20231201 09:09:52.035"/>
</kw>
<kw name="Close Browser" library="SeleniumLibrary">
<doc>Closes the current browser.</doc>
<status status="PASS" starttime="20231201 09:09:52.037" endtime="20231201 09:09:54.164"/>
</kw>
<status status="PASS" starttime="20231201 09:09:47.120" endtime="20231201 09:09:54.164"/>
</test>
<status status="PASS" starttime="20231201 09:09:46.889" endtime="20231201 09:09:54.166"/>
</suite>
<statistics>
<total>
<stat pass="1" fail="0" skip="0">All Tests</stat>
</total>
<tag>
</tag>
<suite>
<stat pass="1" fail="0" skip="0" id="s1" name="FirstTestSuite">FirstTestSuite</stat>
</suite>
</statistics>
<errors>
</errors>
</robot>
