<?xml version="1.0" encoding="UTF-8"?>
<robot generator="Robot 6.1.1 (Python 3.12.0 on win32)" generated="20231201 09:16:55.541" rpa="false" schemaversion="4">
<suite id="s1" name="FirstTestSuite" source="d:\Trabalho\RobotTesting\FirstTestSuite.robot">
<test id="s1-t1" name="TestCase2" line="14">
<kw name="Open Browser" library="SeleniumLibrary">
<arg>url=https://www.amazon.com.br/</arg>
<doc>Opens a new browser instance to the optional ``url``.</doc>
<msg timestamp="20231201 09:16:55.736" level="INFO">Opening browser 'firefox' to base url 'https://www.amazon.com.br/'.</msg>
<status status="PASS" starttime="20231201 09:16:55.735" endtime="20231201 09:17:05.313"/>
</kw>
<status status="PASS" starttime="20231201 09:16:55.734" endtime="20231201 09:17:05.314"/>
</test>
<status status="PASS" starttime="20231201 09:16:55.546" endtime="20231201 09:17:05.315"/>
</suite>
<statistics>
<total>
<stat pass="1" fail="0" skip="0">All Tests</stat>
</total>
<tag>
</tag>
<suite>
<stat pass="1" fail="0" skip="0" id="s1" name="FirstTestSuite">FirstTestSuite</stat>
</suite>
</statistics>
<errors>
</errors>
</robot>
