<?xml version="1.0" encoding="UTF-8"?>
<robot generator="Robot 6.1.1 (Python 3.12.0 on win32)" generated="20231117 18:38:27.336" rpa="false" schemaversion="4">
<suite id="s1" name="RobotTesting" source="D:\Trabalho\RobotTesting">
<suite id="s1-s1" name="FirstTestSuite" source="D:\Trabalho\RobotTesting\FirstTestSuite.robot">
<test id="s1-s1-t1" name="TestCase1" line="5">
<kw name="Open Browser" library="SeleniumLibrary">
<arg>https://www.google.com</arg>
<arg>chrome</arg>
<doc>Opens a new browser instance to the optional ``url``.</doc>
<msg timestamp="20231117 18:38:27.549" level="INFO">Opening browser 'chrome' to base url 'https://www.google.com'.</msg>
<status status="PASS" starttime="20231117 18:38:27.549" endtime="20231117 18:38:29.983"/>
</kw>
<status status="PASS" starttime="20231117 18:38:27.548" endtime="20231117 18:38:29.983"/>
</test>
<status status="PASS" starttime="20231117 18:38:27.385" endtime="20231117 18:38:29.985"/>
</suite>
<status status="PASS" starttime="20231117 18:38:27.350" endtime="20231117 18:38:29.986"/>
</suite>
<statistics>
<total>
<stat pass="1" fail="0" skip="0">All Tests</stat>
</total>
<tag>
</tag>
<suite>
<stat pass="1" fail="0" skip="0" id="s1" name="RobotTesting">RobotTesting</stat>
<stat pass="1" fail="0" skip="0" id="s1-s1" name="FirstTestSuite">RobotTesting.FirstTestSuite</stat>
</suite>
</statistics>
<errors>
</errors>
</robot>
